<?xml version="1.0" encoding="UTF-8"?>
<testsuite xmlns:xsi="http://www.w3.org/2001/XMLSchema-instance" xsi:noNamespaceSchemaLocation="https://maven.apache.org/surefire/maven-surefire-plugin/xsd/surefire-test-report-3.0.xsd" version="3.0" name="TestSuite" time="80.203" tests="4" errors="0" skipped="0" failures="0">
  <properties>
    <property name="java.specification.version" value="17"/>
    <property name="webdriver.chrome.driver" value="//home//dhiadmin//testingsoftware//chromedriver.exe"/>
    <property name="sun.jnu.encoding" value="UTF-8"/>
    <property name="java.class.path" value="/home/dhiadmin/hcbxjsdh ckshlkds/JENKINSPROJECT/target/test-classes:/home/dhiadmin/hcbxjsdh ckshlkds/JENKINSPROJECT/target/classes:/home/dhiadmin/.m2/repository/org/seleniumhq/selenium/selenium-java/2.45.0/selenium-java-2.45.0.jar:/home/dhiadmin/.m2/repository/org/seleniumhq/selenium/selenium-chrome-driver/2.45.0/selenium-chrome-driver-2.45.0.jar:/home/dhiadmin/.m2/repository/org/seleniumhq/selenium/selenium-remote-driver/2.45.0/selenium-remote-driver-2.45.0.jar:/home/dhiadmin/.m2/repository/cglib/cglib-nodep/2.1_3/cglib-nodep-2.1_3.jar:/home/dhiadmin/.m2/repository/com/google/code/gson/gson/2.3.1/gson-2.3.1.jar:/home/dhiadmin/.m2/repository/org/seleniumhq/selenium/selenium-api/2.45.0/selenium-api-2.45.0.jar:/home/dhiadmin/.m2/repository/com/google/guava/guava/18.0/guava-18.0.jar:/home/dhiadmin/.m2/repository/org/seleniumhq/selenium/selenium-htmlunit-driver/2.45.0/selenium-htmlunit-driver-2.45.0.jar:/home/dhiadmin/.m2/repository/net/sourceforge/htmlunit/htmlunit/2.15/htmlunit-2.15.jar:/home/dhiadmin/.m2/repository/xalan/xalan/2.7.1/xalan-2.7.1.jar:/home/dhiadmin/.m2/repository/xalan/serializer/2.7.1/serializer-2.7.1.jar:/home/dhiadmin/.m2/repository/commons-collections/commons-collections/3.2.1/commons-collections-3.2.1.jar:/home/dhiadmin/.m2/repository/org/apache/commons/commons-lang3/3.3.2/commons-lang3-3.3.2.jar:/home/dhiadmin/.m2/repository/org/apache/httpcomponents/httpmime/4.3.3/httpmime-4.3.3.jar:/home/dhiadmin/.m2/repository/commons-codec/commons-codec/1.9/commons-codec-1.9.jar:/home/dhiadmin/.m2/repository/net/sourceforge/htmlunit/htmlunit-core-js/2.15/htmlunit-core-js-2.15.jar:/home/dhiadmin/.m2/repository/xerces/xercesImpl/2.11.0/xercesImpl-2.11.0.jar:/home/dhiadmin/.m2/repository/xml-apis/xml-apis/1.4.01/xml-apis-1.4.01.jar:/home/dhiadmin/.m2/repository/net/sourceforge/nekohtml/nekohtml/1.9.21/nekohtml-1.9.21.jar:/home/dhiadmin/.m2/repository/net/sourceforge/cssparser/cssparser/0.9.14/cssparser-0.9.14.jar:/home/dhiadmin/.m2/repository/org/w3c/css/sac/1.3/sac-1.3.jar:/home/dhiadmin/.m2/repository/commons-logging/commons-logging/1.1.3/commons-logging-1.1.3.jar:/home/dhiadmin/.m2/repository/org/eclipse/jetty/jetty-websocket/8.1.15.v20140411/jetty-websocket-8.1.15.v20140411.jar:/home/dhiadmin/.m2/repository/org/eclipse/jetty/jetty-util/8.1.15.v20140411/jetty-util-8.1.15.v20140411.jar:/home/dhiadmin/.m2/repository/org/eclipse/jetty/jetty-io/8.1.15.v20140411/jetty-io-8.1.15.v20140411.jar:/home/dhiadmin/.m2/repository/org/eclipse/jetty/jetty-http/8.1.15.v20140411/jetty-http-8.1.15.v20140411.jar:/home/dhiadmin/.m2/repository/org/apache/httpcomponents/httpclient/4.3.6/httpclient-4.3.6.jar:/home/dhiadmin/.m2/repository/org/apache/httpcomponents/httpcore/4.3.3/httpcore-4.3.3.jar:/home/dhiadmin/.m2/repository/org/seleniumhq/selenium/selenium-firefox-driver/2.45.0/selenium-firefox-driver-2.45.0.jar:/home/dhiadmin/.m2/repository/commons-io/commons-io/2.4/commons-io-2.4.jar:/home/dhiadmin/.m2/repository/org/apache/commons/commons-exec/1.1/commons-exec-1.1.jar:/home/dhiadmin/.m2/repository/org/seleniumhq/selenium/selenium-ie-driver/2.45.0/selenium-ie-driver-2.45.0.jar:/home/dhiadmin/.m2/repository/net/java/dev/jna/jna/3.4.0/jna-3.4.0.jar:/home/dhiadmin/.m2/repository/net/java/dev/jna/platform/3.4.0/platform-3.4.0.jar:/home/dhiadmin/.m2/repository/org/seleniumhq/selenium/selenium-safari-driver/2.45.0/selenium-safari-driver-2.45.0.jar:/home/dhiadmin/.m2/repository/org/seleniumhq/selenium/selenium-support/2.45.0/selenium-support-2.45.0.jar:/home/dhiadmin/.m2/repository/org/webbitserver/webbit/0.4.14/webbit-0.4.14.jar:/home/dhiadmin/.m2/repository/io/netty/netty/3.5.2.Final/netty-3.5.2.Final.jar:/home/dhiadmin/.m2/repository/org/seleniumhq/selenium/selenium-leg-rc/2.45.0/selenium-leg-rc-2.45.0.jar:/home/dhiadmin/.m2/repository/org/testng/testng/6.8.8/testng-6.8.8.jar:/home/dhiadmin/.m2/repository/org/beanshell/bsh/2.0b4/bsh-2.0b4.jar:/home/dhiadmin/.m2/repository/com/beust/jcommander/1.27/jcommander-1.27.jar:"/>
    <property name="java.vm.vendor" value="Private Build"/>
    <property name="sun.arch.data.model" value="64"/>
    <property name="java.vendor.url" value="Unknown"/>
    <property name="user.timezone" value="Asia/Kolkata"/>
    <property name="os.name" value="Linux"/>
    <property name="java.vm.specification.version" value="17"/>
    <property name="sun.java.launcher" value="SUN_STANDARD"/>
    <property name="user.country" value="IN"/>
    <property name="sun.boot.library.path" value="/usr/lib/jvm/java-17-openjdk-amd64/lib"/>
    <property name="sun.java.command" value="/home/dhiadmin/hcbxjsdh ckshlkds/JENKINSPROJECT/target/surefire/surefirebooter-20230508172242733_3.jar /home/dhiadmin/hcbxjsdh ckshlkds/JENKINSPROJECT/target/surefire 2023-05-08T17-22-42_296-jvmRun1 surefire-20230508172242733_1tmp surefire_0-20230508172242733_2tmp"/>
    <property name="jdk.debug" value="release"/>
    <property name="surefire.test.class.path" value="/home/dhiadmin/hcbxjsdh ckshlkds/JENKINSPROJECT/target/test-classes:/home/dhiadmin/hcbxjsdh ckshlkds/JENKINSPROJECT/target/classes:/home/dhiadmin/.m2/repository/org/seleniumhq/selenium/selenium-java/2.45.0/selenium-java-2.45.0.jar:/home/dhiadmin/.m2/repository/org/seleniumhq/selenium/selenium-chrome-driver/2.45.0/selenium-chrome-driver-2.45.0.jar:/home/dhiadmin/.m2/repository/org/seleniumhq/selenium/selenium-remote-driver/2.45.0/selenium-remote-driver-2.45.0.jar:/home/dhiadmin/.m2/repository/cglib/cglib-nodep/2.1_3/cglib-nodep-2.1_3.jar:/home/dhiadmin/.m2/repository/com/google/code/gson/gson/2.3.1/gson-2.3.1.jar:/home/dhiadmin/.m2/repository/org/seleniumhq/selenium/selenium-api/2.45.0/selenium-api-2.45.0.jar:/home/dhiadmin/.m2/repository/com/google/guava/guava/18.0/guava-18.0.jar:/home/dhiadmin/.m2/repository/org/seleniumhq/selenium/selenium-htmlunit-driver/2.45.0/selenium-htmlunit-driver-2.45.0.jar:/home/dhiadmin/.m2/repository/net/sourceforge/htmlunit/htmlunit/2.15/htmlunit-2.15.jar:/home/dhiadmin/.m2/repository/xalan/xalan/2.7.1/xalan-2.7.1.jar:/home/dhiadmin/.m2/repository/xalan/serializer/2.7.1/serializer-2.7.1.jar:/home/dhiadmin/.m2/repository/commons-collections/commons-collections/3.2.1/commons-collections-3.2.1.jar:/home/dhiadmin/.m2/repository/org/apache/commons/commons-lang3/3.3.2/commons-lang3-3.3.2.jar:/home/dhiadmin/.m2/repository/org/apache/httpcomponents/httpmime/4.3.3/httpmime-4.3.3.jar:/home/dhiadmin/.m2/repository/commons-codec/commons-codec/1.9/commons-codec-1.9.jar:/home/dhiadmin/.m2/repository/net/sourceforge/htmlunit/htmlunit-core-js/2.15/htmlunit-core-js-2.15.jar:/home/dhiadmin/.m2/repository/xerces/xercesImpl/2.11.0/xercesImpl-2.11.0.jar:/home/dhiadmin/.m2/repository/xml-apis/xml-apis/1.4.01/xml-apis-1.4.01.jar:/home/dhiadmin/.m2/repository/net/sourceforge/nekohtml/nekohtml/1.9.21/nekohtml-1.9.21.jar:/home/dhiadmin/.m2/repository/net/sourceforge/cssparser/cssparser/0.9.14/cssparser-0.9.14.jar:/home/dhiadmin/.m2/repository/org/w3c/css/sac/1.3/sac-1.3.jar:/home/dhiadmin/.m2/repository/commons-logging/commons-logging/1.1.3/commons-logging-1.1.3.jar:/home/dhiadmin/.m2/repository/org/eclipse/jetty/jetty-websocket/8.1.15.v20140411/jetty-websocket-8.1.15.v20140411.jar:/home/dhiadmin/.m2/repository/org/eclipse/jetty/jetty-util/8.1.15.v20140411/jetty-util-8.1.15.v20140411.jar:/home/dhiadmin/.m2/repository/org/eclipse/jetty/jetty-io/8.1.15.v20140411/jetty-io-8.1.15.v20140411.jar:/home/dhiadmin/.m2/repository/org/eclipse/jetty/jetty-http/8.1.15.v20140411/jetty-http-8.1.15.v20140411.jar:/home/dhiadmin/.m2/repository/org/apache/httpcomponents/httpclient/4.3.6/httpclient-4.3.6.jar:/home/dhiadmin/.m2/repository/org/apache/httpcomponents/httpcore/4.3.3/httpcore-4.3.3.jar:/home/dhiadmin/.m2/repository/org/seleniumhq/selenium/selenium-firefox-driver/2.45.0/selenium-firefox-driver-2.45.0.jar:/home/dhiadmin/.m2/repository/commons-io/commons-io/2.4/commons-io-2.4.jar:/home/dhiadmin/.m2/repository/org/apache/commons/commons-exec/1.1/commons-exec-1.1.jar:/home/dhiadmin/.m2/repository/org/seleniumhq/selenium/selenium-ie-driver/2.45.0/selenium-ie-driver-2.45.0.jar:/home/dhiadmin/.m2/repository/net/java/dev/jna/jna/3.4.0/jna-3.4.0.jar:/home/dhiadmin/.m2/repository/net/java/dev/jna/platform/3.4.0/platform-3.4.0.jar:/home/dhiadmin/.m2/repository/org/seleniumhq/selenium/selenium-safari-driver/2.45.0/selenium-safari-driver-2.45.0.jar:/home/dhiadmin/.m2/repository/org/seleniumhq/selenium/selenium-support/2.45.0/selenium-support-2.45.0.jar:/home/dhiadmin/.m2/repository/org/webbitserver/webbit/0.4.14/webbit-0.4.14.jar:/home/dhiadmin/.m2/repository/io/netty/netty/3.5.2.Final/netty-3.5.2.Final.jar:/home/dhiadmin/.m2/repository/org/seleniumhq/selenium/selenium-leg-rc/2.45.0/selenium-leg-rc-2.45.0.jar:/home/dhiadmin/.m2/repository/org/testng/testng/6.8.8/testng-6.8.8.jar:/home/dhiadmin/.m2/repository/org/beanshell/bsh/2.0b4/bsh-2.0b4.jar:/home/dhiadmin/.m2/repository/com/beust/jcommander/1.27/jcommander-1.27.jar:"/>
    <property name="sun.cpu.endian" value="little"/>
    <property name="user.home" value="/home/dhiadmin"/>
    <property name="user.language" value="en"/>
    <property name="java.specification.vendor" value="Oracle Corporation"/>
    <property name="java.version.date" value="2023-01-17"/>
    <property name="java.home" value="/usr/lib/jvm/java-17-openjdk-amd64"/>
    <property name="file.separator" value="/"/>
    <property name="basedir" value="/home/dhiadmin/hcbxjsdh ckshlkds/JENKINSPROJECT"/>
    <property name="java.vm.compressedOopsMode" value="32-bit"/>
    <property name="line.separator" value="&#10;"/>
    <property name="java.vm.specification.vendor" value="Oracle Corporation"/>
    <property name="java.specification.name" value="Java Platform API Specification"/>
    <property name="surefire.real.class.path" value="/home/dhiadmin/hcbxjsdh ckshlkds/JENKINSPROJECT/target/surefire/surefirebooter-20230508172242733_3.jar"/>
    <property name="sun.management.compiler" value="HotSpot 64-Bit Tiered Compilers"/>
    <property name="java.runtime.version" value="17.0.6+10-Ubuntu-0ubuntu120.04.1"/>
    <property name="user.name" value="dhiadmin"/>
    <property name="path.separator" value=":"/>
    <property name="os.version" value="5.15.0-71-generic"/>
    <property name="java.runtime.name" value="OpenJDK Runtime Environment"/>
    <property name="file.encoding" value="UTF-8"/>
    <property name="java.vm.name" value="OpenJDK 64-Bit Server VM"/>
    <property name="localRepository" value="/home/dhiadmin/.m2/repository"/>
    <property name="java.vendor.url.bug" value="Unknown"/>
    <property name="java.io.tmpdir" value="/tmp"/>
    <property name="java.version" value="17.0.6"/>
    <property name="user.dir" value="/home/dhiadmin/hcbxjsdh ckshlkds/JENKINSPROJECT"/>
    <property name="os.arch" value="amd64"/>
    <property name="java.vm.specification.name" value="Java Virtual Machine Specification"/>
    <property name="native.encoding" value="UTF-8"/>
    <property name="java.library.path" value="/usr/java/packages/lib:/usr/lib/x86_64-linux-gnu/jni:/lib/x86_64-linux-gnu:/usr/lib/x86_64-linux-gnu:/usr/lib/jni:/lib:/usr/lib"/>
    <property name="java.vm.info" value="mixed mode, sharing"/>
    <property name="java.vendor" value="Private Build"/>
    <property name="java.vm.version" value="17.0.6+10-Ubuntu-0ubuntu120.04.1"/>
    <property name="sun.io.unicode.encoding" value="UnicodeLittle"/>
    <property name="java.class.version" value="61.0"/>
  </properties>
  <testcase name="testEasy" classname="b" time="5.857">
    <system-err><![CDATA[Starting ChromeDriver 97.0.4692.71 (adefa7837d02a07a604c1e6eff0b3a09422ab88d-refs/branch-heads/4692@{#1247}) on port 16194
Only local connections are allowed.
Please see https://chromedriver.chromium.org/security-considerations for suggestions on keeping ChromeDriver safe.
ChromeDriver was started successfully.
]]></system-err>
  </testcase>
  <testcase name="test_getCurrentUrl" classname="b" time="0.294">
    <system-out><![CDATA[https://app.indhi.io/sign-in?redirectUrl=/
]]></system-out>
    <system-err><![CDATA[Starting ChromeDriver 97.0.4692.71 (adefa7837d02a07a604c1e6eff0b3a09422ab88d-refs/branch-heads/4692@{#1247}) on port 8863
Only local connections are allowed.
Please see https://chromedriver.chromium.org/security-considerations for suggestions on keeping ChromeDriver safe.
ChromeDriver was started successfully.
]]></system-err>
  </testcase>
  <testcase name="testEasy" classname="a" time="2.452">
    <system-out><![CDATA[Indhi
]]></system-out>
    <system-err><![CDATA[Starting ChromeDriver 97.0.4692.71 (adefa7837d02a07a604c1e6eff0b3a09422ab88d-refs/branch-heads/4692@{#1247}) on port 27548
Only local connections are allowed.
Please see https://chromedriver.chromium.org/security-considerations for suggestions on keeping ChromeDriver safe.
ChromeDriver was started successfully.
]]></system-err>
  </testcase>
  <testcase name="test_getCurrentUrl" classname="a" time="2.492">
    <system-out><![CDATA[https://app.indhi.io/sign-in?redirectUrl=/
]]></system-out>
    <system-err><![CDATA[Starting ChromeDriver 97.0.4692.71 (adefa7837d02a07a604c1e6eff0b3a09422ab88d-refs/branch-heads/4692@{#1247}) on port 15532
Only local connections are allowed.
Please see https://chromedriver.chromium.org/security-considerations for suggestions on keeping ChromeDriver safe.
ChromeDriver was started successfully.
]]></system-err>
  </testcase>
</testsuite>