<?xml version="1.0" encoding="UTF-8"?>
<!-- Generated by org.testng.reporters.JUnitReportReporter -->
<testsuite hostname="DHIPUN0129" failures="0" tests="2" name="b" time="27.447" errors="0" timestamp="2023-05-03T11:56:48 IST" skipped="0">
  <testcase classname="b" name="test_getCurrentUrl" time="11.589"/>
  <system-out/>
  <testcase classname="b" name="testEasy" time="15.858"/>
  <system-out/>
</testsuite> <!-- b -->
