<?xml version="1.0" encoding="UTF-8"?>
<!-- Generated by org.testng.reporters.JUnitReportReporter -->
<testsuite hostname="DHIPUN0129" failures="0" tests="2" name="b" time="31.955" errors="0" timestamp="2023-05-03T14:29:10 IST" skipped="0">
  <testcase classname="b" name="test_getCurrentUrl" time="15.787"/>
  <system-out/>
  <testcase classname="b" name="testEasy" time="16.168"/>
  <system-out/>
</testsuite> <!-- b -->
