<?xml version="1.0" encoding="UTF-8"?>
<!-- Generated by org.testng.reporters.JUnitReportReporter -->
<testsuite hostname="DHIPUN0129" failures="0" tests="2" name="a" time="8.023" errors="0" timestamp="2023-05-15T14:34:30 IST" skipped="0">
  <testcase classname="a" name="test_getCurrentUrl" time="3.827"/>
  <system-out/>
  <testcase classname="a" name="testEasy" time="4.196"/>
  <system-out/>
</testsuite> <!-- a -->
