<?xml version="1.0" encoding="UTF-8"?>
<!-- Generated by org.testng.reporters.JUnitReportReporter -->
<testsuite hostname="DHIPUN0129" failures="0" tests="2" name="a" time="24.918" errors="0" timestamp="2023-05-03T11:47:33 IST" skipped="0">
  <testcase classname="a" name="test_getCurrentUrl" time="19.584"/>
  <system-out/>
  <testcase classname="a" name="testEasy" time="5.334"/>
  <system-out/>
</testsuite> <!-- a -->
