<?xml version="1.0" encoding="UTF-8"?>
<!-- Generated by org.testng.reporters.JUnitReportReporter -->
<testsuite hostname="DHIPUN0129" failures="0" tests="2" name="b" time="34.048" errors="0" timestamp="2023-05-08T14:57:52 IST" skipped="0">
  <testcase classname="b" name="test_getCurrentUrl" time="17.352"/>
  <system-out/>
  <testcase classname="b" name="testEasy" time="16.696"/>
  <system-out/>
</testsuite> <!-- b -->
