<?xml version="1.0" encoding="UTF-8"?>
<!-- Generated by org.testng.reporters.JUnitReportReporter -->
<testsuite hostname="DHIPUN0129" failures="0" tests="2" name="a" time="7.920" errors="0" timestamp="2023-05-08T14:57:52 IST" skipped="0">
  <testcase classname="a" name="test_getCurrentUrl" time="4.354"/>
  <system-out/>
  <testcase classname="a" name="testEasy" time="3.566"/>
  <system-out/>
</testsuite> <!-- a -->
