<?xml version="1.0" encoding="UTF-8"?>
<!-- Generated by org.testng.reporters.JUnitReportReporter -->
<testsuite hostname="DHIPUN0129" failures="0" tests="2" name="b" time="45.062" errors="0" timestamp="2023-05-15T14:34:30 IST" skipped="0">
  <testcase classname="b" name="testEasy" time="33.017"/>
  <system-out/>
  <testcase classname="b" name="test_getCurrentUrl" time="12.045"/>
  <system-out/>
</testsuite> <!-- b -->
