<?xml version="1.0" encoding="UTF-8"?>
<!-- Generated by org.testng.reporters.JUnitReportReporter -->
<testsuite hostname="DHIPUN0129" failures="0" tests="2" name="a" time="13.292" errors="0" timestamp="8 May 2023 11:42:26 GMT">
  <testcase classname="a" name="test_getCurrentUrl" time="8.244"/>
  <testcase classname="a" name="testEasy" time="5.048"/>
</testsuite> <!-- a -->
