<?xml version="1.0" encoding="UTF-8"?>
<!-- Generated by org.testng.reporters.JUnitReportReporter -->
<testsuite hostname="DHIPUN0129" failures="0" tests="2" name="b" time="68.483" errors="0" timestamp="8 May 2023 11:42:26 GMT">
  <testcase classname="b" name="testEasy" time="20.442"/>
  <testcase classname="b" name="test_getCurrentUrl" time="48.041"/>
</testsuite> <!-- b -->
