<?xml version="1.0" encoding="UTF-8"?>
<!-- Generated by org.testng.reporters.JUnitReportReporter -->
<testsuite hostname="DHIPUN0129" failures="0" tests="2" name="a" time="8.357" errors="0" timestamp="8 May 2023 11:54:03 GMT">
  <testcase classname="a" name="test_getCurrentUrl" time="4.111"/>
  <testcase classname="a" name="testEasy" time="4.246"/>
</testsuite> <!-- a -->
