<?xml version="1.0" encoding="UTF-8"?>
<!-- Generated by org.testng.reporters.JUnitReportReporter -->
<testsuite hostname="DHIPUN0129" failures="0" tests="2" name="b" time="69.582" errors="0" timestamp="8 May 2023 11:54:03 GMT">
  <testcase classname="b" name="testEasy" time="21.490"/>
  <testcase classname="b" name="test_getCurrentUrl" time="48.092"/>
</testsuite> <!-- b -->
